<?xml version="1.0" encoding="UTF-8"?>
<!-- Generated by org.testng.reporters.JUnitXMLReporter -->
<testsuite ignored="0" hostname="DESKTOP-3BAIA4A" failures="0" tests="4" name="Test" time="13.362" errors="0" timestamp="2025-09-05T04:34:22 IST">
  <testcase classname="day8.CreateUser" name="testCreateUser" time="9.728"/>
  <testcase classname="day8.GetUser" name="testGetUser" time="1.093"/>
  <testcase classname="day8.UpdateUser" name="testUpdateUser" time="1.521"/>
  <testcase classname="day8.DeleteUser" name="testDeleteUser" time="0.753"/>
</testsuite> <!-- Test -->
